<?xml version="1.0" encoding="UTF-8"?>
<!-- Generated by org.testng.reporters.JUnitReportReporter -->
<testsuite skipped="0" hostname="DESKTOP-NJK378F" name="com.qa.test.GetCallAddressApis" tests="2" failures="0" timestamp="09 Jun 2019 11:59:51 GMT" time="2.840" errors="0">
  <testcase name="test_Adress_Api2" time="0.844" classname="com.qa.test.GetCallAddressApis"/>
  <testcase name="test_Adress_Api1" time="1.996" classname="com.qa.test.GetCallAddressApis"/>
</testsuite> <!-- com.qa.test.GetCallAddressApis -->
