<?xml version="1.0" encoding="UTF-8"?>
<!-- Generated by org.testng.reporters.JUnitReportReporter -->
<testsuite skipped="0" hostname="DESKTOP-NJK378F" name="com.qa.test.GetCallHungerstationApis" tests="3" failures="0" timestamp="18 Jun 2019 11:47:19 GMT" time="7.051" errors="0">
  <testcase name="IsUserAbleToOpenApp_testOpeningApi" time="5.281" classname="com.qa.test.GetCallHungerstationApis"/>
  <testcase name="UserShouldSeePromotionsBanner_TestPromotionBannerOnListingScreen" time="0.614" classname="com.qa.test.GetCallHungerstationApis"/>
  <testcase name="IsUserAbleToSelectAddress_TestSpecificLocationCordinates" time="1.156" classname="com.qa.test.GetCallHungerstationApis"/>
</testsuite> <!-- com.qa.test.GetCallHungerstationApis -->
